<?xml version="1.0" encoding="UTF-8"?>
<!-- Generated by org.testng.reporters.JUnitReportReporter -->
<testsuite skipped="0" hostname="DESKTOP-SD5V08D" name="com.jbk.tests.DemoTest" tests="1" failures="0" timestamp="27 Nov 2021 05:17:44 GMT" time="4.147" errors="0">
  <testcase name="test1" time="4.147" classname="com.jbk.tests.DemoTest"/>
</testsuite> <!-- com.jbk.tests.DemoTest -->
