<?xml version="1.0" encoding="UTF-8"?>
<!-- Generated by org.testng.reporters.JUnitReportReporter -->
<testsuite skipped="0" hostname="DESKTOP-SD5V08D" name="com.jbk.tests.LoginPageTest" tests="10" failures="0" timestamp="27 Nov 2021 05:11:20 GMT" time="28.834" errors="0">
  <testcase name="verifyEmailPlaceholder" time="2.464" classname="com.jbk.tests.LoginPageTest"/>
  <testcase name="verfiyLogo" time="2.550" classname="com.jbk.tests.LoginPageTest"/>
  <testcase name="verifySubHeading" time="2.455" classname="com.jbk.tests.LoginPageTest"/>
  <testcase name="verifyPassordPlaceholder" time="2.482" classname="com.jbk.tests.LoginPageTest"/>
  <testcase name="verifyAdddingNewMember" time="2.994" classname="com.jbk.tests.LoginPageTest"/>
  <testcase name="verifyRegisterNewMember" time="2.696" classname="com.jbk.tests.LoginPageTest"/>
  <testcase name="verfiyHeading" time="2.467" classname="com.jbk.tests.LoginPageTest"/>
  <testcase name="verifyValidLogin" time="5.210" classname="com.jbk.tests.LoginPageTest"/>
  <testcase name="verifyInfoMessage" time="2.517" classname="com.jbk.tests.LoginPageTest"/>
  <testcase name="verifyNewMemberLink" time="2.999" classname="com.jbk.tests.LoginPageTest"/>
</testsuite> <!-- com.jbk.tests.LoginPageTest -->
