<?xml version="1.0" encoding="UTF-8"?>
<!-- Generated by org.testng.reporters.JUnitReportReporter -->
<testsuite skipped="0" hostname="DESKTOP-SD5V08D" name="com.jbk.tests.DashboardPageTest" tests="7" failures="0" timestamp="27 Nov 2021 05:11:20 GMT" time="22.135" errors="0">
  <testcase name="verifyMenuList" time="2.899" classname="com.jbk.tests.DashboardPageTest"/>
  <testcase name="verifyCourses" time="3.188" classname="com.jbk.tests.DashboardPageTest"/>
  <testcase name="verifyCoursesList" time="3.131" classname="com.jbk.tests.DashboardPageTest"/>
  <testcase name="verifyMenuInfo" time="3.170" classname="com.jbk.tests.DashboardPageTest"/>
  <testcase name="homeLink" time="3.518" classname="com.jbk.tests.DashboardPageTest"/>
  <testcase name="verfiylogoutLink" time="3.287" classname="com.jbk.tests.DashboardPageTest"/>
  <testcase name="verifyImage" time="2.942" classname="com.jbk.tests.DashboardPageTest"/>
</testsuite> <!-- com.jbk.tests.DashboardPageTest -->
