<?xml version="1.0" encoding="UTF-8"?>
<!-- Generated by org.testng.reporters.JUnitReportReporter -->
<testsuite skipped="0" hostname="DESKTOP-SD5V08D" name="com.jbk.tests.UserPageTest" tests="7" failures="0" timestamp="27 Nov 2021 05:11:20 GMT" time="25.665" errors="0">
  <testcase name="countUser" time="2.977" classname="com.jbk.tests.UserPageTest"/>
  <testcase name="verifyStateList" time="3.006" classname="com.jbk.tests.UserPageTest"/>
  <testcase name="countState" time="2.864" classname="com.jbk.tests.UserPageTest"/>
  <testcase name="verfiyAddUser" time="3.631" classname="com.jbk.tests.UserPageTest"/>
  <testcase name="verifyLabelOfAddUser" time="3.292" classname="com.jbk.tests.UserPageTest"/>
  <testcase name="verifyDeleteAction" time="6.922" classname="com.jbk.tests.UserPageTest"/>
  <testcase name="verifyTableHeading" time="2.973" classname="com.jbk.tests.UserPageTest"/>
</testsuite> <!-- com.jbk.tests.UserPageTest -->
