<?xml version="1.0" encoding="UTF-8"?>
<!-- Generated by org.testng.reporters.JUnitReportReporter -->
<testsuite skipped="0" hostname="DESKTOP-SD5V08D" name="com.jbk.tests.UsefulLinkPageTest" tests="1" failures="0" timestamp="26 Nov 2021 14:21:19 GMT" time="35.296" errors="0">
  <testcase name="verifyLinksURL" time="35.296" classname="com.jbk.tests.UsefulLinkPageTest"/>
</testsuite> <!-- com.jbk.tests.UsefulLinkPageTest -->
