<?xml version="1.0" encoding="UTF-8"?>
<!-- Generated by org.testng.reporters.JUnitReportReporter -->
<testsuite skipped="0" hostname="DESKTOP-SD5V08D" name="com.jbk.tests.LoginPageTest" tests="10" failures="0" timestamp="24 Nov 2021 05:14:13 GMT" time="28.198" errors="0">
  <testcase name="verifyPassordPlaceholder" time="2.465" classname="com.jbk.tests.LoginPageTest"/>
  <testcase name="verfiyLogo" time="2.522" classname="com.jbk.tests.LoginPageTest"/>
  <testcase name="verifySubHeading" time="2.578" classname="com.jbk.tests.LoginPageTest"/>
  <testcase name="verifyRegisterNewMember" time="2.596" classname="com.jbk.tests.LoginPageTest"/>
  <testcase name="verifyAdddingNewMember" time="2.945" classname="com.jbk.tests.LoginPageTest"/>
  <testcase name="verifyValidLogin" time="4.263" classname="com.jbk.tests.LoginPageTest"/>
  <testcase name="verifyNewMemberLink" time="2.445" classname="com.jbk.tests.LoginPageTest"/>
  <testcase name="verifyEmailPlaceholder" time="2.600" classname="com.jbk.tests.LoginPageTest"/>
  <testcase name="verifyInfoMessage" time="2.563" classname="com.jbk.tests.LoginPageTest"/>
  <testcase name="verfiyHeading" time="3.221" classname="com.jbk.tests.LoginPageTest"/>
</testsuite> <!-- com.jbk.tests.LoginPageTest -->
