<?xml version="1.0" encoding="UTF-8"?>
<!-- Generated by org.testng.reporters.JUnitReportReporter -->
<testsuite skipped="0" hostname="DESKTOP-SD5V08D" name="com.jbk.tests.DashboardPageTest" tests="7" failures="0" timestamp="24 Nov 2021 05:14:13 GMT" time="23.322" errors="0">
  <testcase name="verifyMenuList" time="3.294" classname="com.jbk.tests.DashboardPageTest"/>
  <testcase name="verifyCourses" time="3.185" classname="com.jbk.tests.DashboardPageTest"/>
  <testcase name="verifyMenuInfo" time="3.245" classname="com.jbk.tests.DashboardPageTest"/>
  <testcase name="verifyImage" time="3.336" classname="com.jbk.tests.DashboardPageTest"/>
  <testcase name="verifyCoursesList" time="3.332" classname="com.jbk.tests.DashboardPageTest"/>
  <testcase name="verfiylogoutLink" time="3.402" classname="com.jbk.tests.DashboardPageTest"/>
  <testcase name="homeLink" time="3.528" classname="com.jbk.tests.DashboardPageTest"/>
</testsuite> <!-- com.jbk.tests.DashboardPageTest -->
